<?xml version="1.0" encoding="UTF-8"?>
<!-- Generated by org.testng.reporters.JUnitXMLReporter -->
<testsuite ignored="0" hostname="DESKTOP-D1JD8SN" failures="0" tests="3" name="Default test" time="16.351" errors="0" timestamp="2025-07-01T21:14:18 EET">
  <testcase classname="MyTestCases2$create_account" name="signup" time="2.683"/>
  <testcase classname="MyTestCases2$create_account" name="login" time="1.573"/>
  <testcase classname="MyTestCases2$create_account" name="AddToCart" time="5.183"/>
</testsuite> <!-- Default test -->
