<?xml version="1.0" encoding="UTF-8"?>
<testng-results ignored="0" total="3" passed="3" failed="0" skipped="0">
  <reporter-output>
  </reporter-output>
  <suite started-at="2025-07-01T21:14:02 EET" name="Default suite" finished-at="2025-07-01T21:14:18 EET" duration-ms="16351">
    <groups>
    </groups>
    <test started-at="2025-07-01T21:14:02 EET" name="Default test" finished-at="2025-07-01T21:14:18 EET" duration-ms="16351">
      <class name="MyTestCases2$create_account">
        <test-method is-config="true" signature="setup()[pri:0, instance:MyTestCases2$create_account@18bc345]" started-at="2025-07-01T21:14:02 EET" name="setup" finished-at="2025-07-01T21:14:04 EET" duration-ms="1842" status="PASS">
          <reporter-output>
          </reporter-output>
        </test-method> <!-- setup -->
        <test-method signature="signup()[pri:1, instance:MyTestCases2$create_account@18bc345]" started-at="2025-07-01T21:14:04 EET" name="signup" finished-at="2025-07-01T21:14:07 EET" duration-ms="2683" status="PASS">
          <reporter-output>
          </reporter-output>
        </test-method> <!-- signup -->
        <test-method signature="login()[pri:2, instance:MyTestCases2$create_account@18bc345]" started-at="2025-07-01T21:14:07 EET" name="login" finished-at="2025-07-01T21:14:08 EET" duration-ms="1573" status="PASS">
          <reporter-output>
          </reporter-output>
        </test-method> <!-- login -->
        <test-method signature="AddToCart()[pri:3, instance:MyTestCases2$create_account@18bc345]" started-at="2025-07-01T21:14:08 EET" name="AddToCart" finished-at="2025-07-01T21:14:13 EET" duration-ms="5183" status="PASS">
          <reporter-output>
          </reporter-output>
        </test-method> <!-- AddToCart -->
        <test-method is-config="true" signature="closeingbrowser()[pri:0, instance:MyTestCases2$create_account@18bc345]" started-at="2025-07-01T21:14:13 EET" name="closeingbrowser" finished-at="2025-07-01T21:14:18 EET" duration-ms="5017" status="PASS">
          <reporter-output>
          </reporter-output>
        </test-method> <!-- closeingbrowser -->
      </class> <!-- MyTestCases2$create_account -->
    </test> <!-- Default test -->
  </suite> <!-- Default suite -->
</testng-results>
